app/build/intermediates/manifest_merge_blame_file/debug/manifest-merger-blame-debug-report.txt
1<?xml version="1.0" encoding="utf-8"?>
2<manifest xmlns:android="http://schemas.android.com/apk/res/android"
3    package="com.app.materialx"
4    android:versionCode="260"
5    android:versionName="2.6" >
6
7    <uses-sdk
8        android:minSdkVersion="16"
8-->src\main\AndroidManifest.xml
9        android:targetSdkVersion="29" />
9-->src\main\AndroidManifest.xml
10
11    <uses-permission android:name="android.permission.ACCESS_NETWORK_STATE" />
11-->src\main\AndroidManifest.xml:7:5-79
11-->src\main\AndroidManifest.xml:7:22-76
12    <uses-permission android:name="android.permission.INTERNET" />
12-->src\main\AndroidManifest.xml:8:5-67
12-->src\main\AndroidManifest.xml:8:22-64
13    <uses-permission android:name="android.permission.VIBRATE" />
13-->src\main\AndroidManifest.xml:9:5-66
13-->src\main\AndroidManifest.xml:9:22-63
14    <uses-permission android:name="android.permission.KILL_BACKGROUND_PROCESSES" />
14-->src\main\AndroidManifest.xml:10:5-84
14-->src\main\AndroidManifest.xml:10:22-81
15    <uses-permission android:name="android.permission.ACCESS_FINE_LOCATION" />
15-->[com.google.android.libraries.places:places:1.0.0] AndroidManifest.xml:9:5-79
15-->[com.google.android.libraries.places:places:1.0.0] AndroidManifest.xml:9:22-76
16    <uses-permission android:name="android.permission.ACCESS_WIFI_STATE" />
16-->[com.google.android.libraries.places:places:1.0.0] AndroidManifest.xml:10:5-76
16-->[com.google.android.libraries.places:places:1.0.0] AndroidManifest.xml:10:22-73
17
18    <uses-feature
18-->[com.google.android.gms:play-services-maps:17.0.0] AndroidManifest.xml:26:5-28:35
19        android:glEsVersion="0x00020000"
19-->[com.google.android.gms:play-services-maps:17.0.0] AndroidManifest.xml:27:9-41
20        android:required="true" />
20-->[com.google.android.gms:play-services-maps:17.0.0] AndroidManifest.xml:28:9-32
21
22    <application
22-->src\main\AndroidManifest.xml:12:5-896:19
23        android:name="com.material.components.data.ThisApplication"
23-->src\main\AndroidManifest.xml:13:9-45
24        android:allowBackup="true"
24-->src\main\AndroidManifest.xml:14:9-35
25        android:appComponentFactory="androidx.core.app.CoreComponentFactory"
25-->[androidx.core:core:1.1.0] AndroidManifest.xml:24:18-86
26        android:debuggable="true"
27        android:icon="@mipmap/ic_launcher"
27-->src\main\AndroidManifest.xml:15:9-43
28        android:label="@string/app_name"
28-->src\main\AndroidManifest.xml:16:9-41
29        android:roundIcon="@mipmap/ic_launcher_round"
29-->src\main\AndroidManifest.xml:17:9-54
30        android:supportsRtl="true"
30-->src\main\AndroidManifest.xml:18:9-35
31        android:testOnly="true"
32        android:theme="@style/AppTheme"
32-->src\main\AndroidManifest.xml:19:9-40
33        android:usesCleartextTraffic="true" >
33-->src\main\AndroidManifest.xml:20:9-44
34        <activity android:name="com.material.components.activity.article.ArticleBookReview" />
34-->src\main\AndroidManifest.xml:21:9-81
34-->src\main\AndroidManifest.xml:21:19-69
35        <activity android:name="com.material.components.activity.article.ArticleDetails" />
35-->src\main\AndroidManifest.xml:22:9-69
35-->src\main\AndroidManifest.xml:22:19-66
36        <activity android:name="com.material.components.activity.dashboard.DashboardTravelPackage" />
36-->src\main\AndroidManifest.xml:23:9-79
36-->src\main\AndroidManifest.xml:23:19-76
37        <activity android:name="com.material.components.activity.dashboard.DashboardCoursesProgress" />
37-->src\main\AndroidManifest.xml:24:9-81
37-->src\main\AndroidManifest.xml:24:19-78
38        <activity android:name="com.material.components.activity.login.LoginBigImage" />
38-->src\main\AndroidManifest.xml:25:9-66
38-->src\main\AndroidManifest.xml:25:19-63
39        <activity android:name="com.material.components.activity.timeline.TimelineCard" />
39-->src\main\AndroidManifest.xml:26:9-68
39-->src\main\AndroidManifest.xml:26:19-65
40
41        <uses-library
41-->src\main\AndroidManifest.xml:28:9-30:40
42            android:name="org.apache.http.legacy"
42-->src\main\AndroidManifest.xml:29:13-50
43            android:required="false" /> <!-- Add Google Map Library -->
43-->src\main\AndroidManifest.xml:30:13-37
44        <uses-library android:name="com.google.android.maps" /> <!-- Google API Key -->
44-->src\main\AndroidManifest.xml:31:9-64
44-->src\main\AndroidManifest.xml:31:23-61
45        <meta-data
45-->src\main\AndroidManifest.xml:32:9-34:55
46            android:name="com.google.android.geo.API_KEY"
46-->src\main\AndroidManifest.xml:33:13-58
47            android:value="@string/google_maps_key" /> <!-- admob data -->
47-->src\main\AndroidManifest.xml:34:13-52
48
49        <meta-data
49-->src\main\AndroidManifest.xml:36:9-38:71
50            android:name="com.google.firebase.messaging.default_notification_channel_id"
50-->src\main\AndroidManifest.xml:37:13-89
51            android:value="@string/default_notification_channel_id" />
51-->src\main\AndroidManifest.xml:38:13-68
52
53        <activity
53-->src\main\AndroidManifest.xml:40:9-42:52
54            android:name="com.material.components.activity.ActivityWebView"
54-->src\main\AndroidManifest.xml:41:13-53
55            android:screenOrientation="portrait" />
55-->src\main\AndroidManifest.xml:42:13-49
56        <activity
56-->src\main\AndroidManifest.xml:43:9-52:20
57            android:name="com.material.components.activity.MainMenu"
57-->src\main\AndroidManifest.xml:44:13-46
58            android:label="@string/app_name"
58-->src\main\AndroidManifest.xml:45:13-45
59            android:screenOrientation="portrait" >
59-->src\main\AndroidManifest.xml:46:13-49
60            <intent-filter>
60-->src\main\AndroidManifest.xml:47:13-51:29
61                <action android:name="android.intent.action.MAIN" />
61-->src\main\AndroidManifest.xml:48:17-69
61-->src\main\AndroidManifest.xml:48:25-66
62
63                <category android:name="android.intent.category.LAUNCHER" />
63-->src\main\AndroidManifest.xml:50:17-77
63-->src\main\AndroidManifest.xml:50:27-74
64            </intent-filter>
65        </activity>
66        <activity
66-->src\main\AndroidManifest.xml:53:9-55:52
67            android:name="com.material.components.activity.bottomnavigation.BottomNavigationBasic"
67-->src\main\AndroidManifest.xml:54:13-76
68            android:screenOrientation="portrait" />
68-->src\main\AndroidManifest.xml:55:13-49
69        <activity
69-->src\main\AndroidManifest.xml:56:9-58:52
70            android:name="com.material.components.activity.bottomnavigation.BottomNavigationShifting"
70-->src\main\AndroidManifest.xml:57:13-79
71            android:screenOrientation="portrait" />
71-->src\main\AndroidManifest.xml:58:13-49
72        <activity
72-->src\main\AndroidManifest.xml:59:9-61:52
73            android:name="com.material.components.activity.bottomsheet.BottomSheetBasic"
73-->src\main\AndroidManifest.xml:60:13-66
74            android:screenOrientation="portrait" />
74-->src\main\AndroidManifest.xml:61:13-49
75        <activity
75-->src\main\AndroidManifest.xml:62:9-64:52
76            android:name="com.material.components.activity.bottomsheet.BottomSheetList"
76-->src\main\AndroidManifest.xml:63:13-65
77            android:screenOrientation="portrait" />
77-->src\main\AndroidManifest.xml:64:13-49
78        <activity
78-->src\main\AndroidManifest.xml:65:9-67:52
79            android:name="com.material.components.activity.button.ButtonBasic"
79-->src\main\AndroidManifest.xml:66:13-56
80            android:screenOrientation="portrait" />
80-->src\main\AndroidManifest.xml:67:13-49
81        <activity
81-->src\main\AndroidManifest.xml:68:9-70:52
82            android:name="com.material.components.activity.card.CardBasic"
82-->src\main\AndroidManifest.xml:69:13-52
83            android:screenOrientation="portrait" />
83-->src\main\AndroidManifest.xml:70:13-49
84        <activity
84-->src\main\AndroidManifest.xml:71:9-73:52
85            android:name="com.material.components.activity.chip.ChipBasic"
85-->src\main\AndroidManifest.xml:72:13-52
86            android:screenOrientation="portrait" />
86-->src\main\AndroidManifest.xml:73:13-49
87        <activity
87-->src\main\AndroidManifest.xml:74:9-76:52
88            android:name="com.material.components.activity.dialog.DialogBasic"
88-->src\main\AndroidManifest.xml:75:13-56
89            android:screenOrientation="portrait" />
89-->src\main\AndroidManifest.xml:76:13-49
90        <activity
90-->src\main\AndroidManifest.xml:77:9-79:52
91            android:name="com.material.components.activity.expansionpanel.ExpansionPanelBasic"
91-->src\main\AndroidManifest.xml:78:13-72
92            android:screenOrientation="portrait" />
92-->src\main\AndroidManifest.xml:79:13-49
93        <activity
93-->src\main\AndroidManifest.xml:80:9-82:52
94            android:name="com.material.components.activity.gridlist.GridBasic"
94-->src\main\AndroidManifest.xml:81:13-56
95            android:screenOrientation="portrait" />
95-->src\main\AndroidManifest.xml:82:13-49
96        <activity
96-->src\main\AndroidManifest.xml:83:9-85:52
97            android:name="com.material.components.activity.list.ListBasic"
97-->src\main\AndroidManifest.xml:84:13-52
98            android:screenOrientation="portrait" />
98-->src\main\AndroidManifest.xml:85:13-49
99        <activity
99-->src\main\AndroidManifest.xml:86:9-88:52
100            android:name="com.material.components.activity.picker.PickerTimeDark"
100-->src\main\AndroidManifest.xml:87:13-59
101            android:screenOrientation="portrait" />
101-->src\main\AndroidManifest.xml:88:13-49
102        <activity
102-->src\main\AndroidManifest.xml:89:9-91:52
103            android:name="com.material.components.activity.progressactivity.ProgressBasic"
103-->src\main\AndroidManifest.xml:90:13-68
104            android:screenOrientation="portrait" />
104-->src\main\AndroidManifest.xml:91:13-49
105        <activity
105-->src\main\AndroidManifest.xml:92:9-94:52
106            android:name="com.material.components.activity.slider.SliderLight"
106-->src\main\AndroidManifest.xml:93:13-56
107            android:screenOrientation="portrait" />
107-->src\main\AndroidManifest.xml:94:13-49
108        <activity
108-->src\main\AndroidManifest.xml:95:9-97:52
109            android:name="com.material.components.activity.slider.SliderDark"
109-->src\main\AndroidManifest.xml:96:13-55
110            android:screenOrientation="portrait" />
110-->src\main\AndroidManifest.xml:97:13-49
111        <activity
111-->src\main\AndroidManifest.xml:98:9-100:52
112            android:name="com.material.components.activity.snackbartoast.SnackbarToastBasic"
112-->src\main\AndroidManifest.xml:99:13-70
113            android:screenOrientation="portrait" />
113-->src\main\AndroidManifest.xml:100:13-49
114        <activity
114-->src\main\AndroidManifest.xml:101:9-103:52
115            android:name="com.material.components.activity.stepper.StepperText"
115-->src\main\AndroidManifest.xml:102:13-57
116            android:screenOrientation="portrait" />
116-->src\main\AndroidManifest.xml:103:13-49
117        <activity
117-->src\main\AndroidManifest.xml:104:9-106:52
118            android:name="com.material.components.activity.tabs.TabsBasic"
118-->src\main\AndroidManifest.xml:105:13-52
119            android:screenOrientation="portrait" />
119-->src\main\AndroidManifest.xml:106:13-49
120        <activity
120-->src\main\AndroidManifest.xml:107:9-109:52
121            android:name="com.material.components.activity.form.FormLogin"
121-->src\main\AndroidManifest.xml:108:13-52
122            android:screenOrientation="portrait" />
122-->src\main\AndroidManifest.xml:109:13-49
123        <activity
123-->src\main\AndroidManifest.xml:110:9-112:52
124            android:name="com.material.components.activity.toolbar.ToolbarBasic"
124-->src\main\AndroidManifest.xml:111:13-58
125            android:screenOrientation="portrait" />
125-->src\main\AndroidManifest.xml:112:13-49
126        <activity
126-->src\main\AndroidManifest.xml:113:9-115:52
127            android:name="com.material.components.activity.button.FabMiddle"
127-->src\main\AndroidManifest.xml:114:13-54
128            android:screenOrientation="portrait" />
128-->src\main\AndroidManifest.xml:115:13-49
129        <activity
129-->src\main\AndroidManifest.xml:116:9-118:52
130            android:name="com.material.components.activity.button.ButtonInUtilities"
130-->src\main\AndroidManifest.xml:117:13-62
131            android:screenOrientation="portrait" />
131-->src\main\AndroidManifest.xml:118:13-49
132        <activity
132-->src\main\AndroidManifest.xml:119:9-121:52
133            android:name="com.material.components.activity.card.CardTimeline"
133-->src\main\AndroidManifest.xml:120:13-55
134            android:screenOrientation="portrait" />
134-->src\main\AndroidManifest.xml:121:13-49
135        <activity
135-->src\main\AndroidManifest.xml:122:9-124:52
136            android:name="com.material.components.activity.dialog.DialogFullscreen"
136-->src\main\AndroidManifest.xml:123:13-61
137            android:screenOrientation="portrait" />
137-->src\main\AndroidManifest.xml:124:13-49
138        <activity
138-->src\main\AndroidManifest.xml:125:9-127:52
139            android:name="com.material.components.activity.dialog.DialogCustom"
139-->src\main\AndroidManifest.xml:126:13-57
140            android:screenOrientation="portrait" />
140-->src\main\AndroidManifest.xml:127:13-49
141        <activity
141-->src\main\AndroidManifest.xml:128:9-130:52
142            android:name="com.material.components.activity.expansionpanel.ExpansionPanelTicket"
142-->src\main\AndroidManifest.xml:129:13-73
143            android:screenOrientation="portrait" />
143-->src\main\AndroidManifest.xml:130:13-49
144        <activity
144-->src\main\AndroidManifest.xml:131:9-133:52
145            android:name="com.material.components.activity.expansionpanel.ExpansionPanelInvoice"
145-->src\main\AndroidManifest.xml:132:13-74
146            android:screenOrientation="portrait" />
146-->src\main\AndroidManifest.xml:133:13-49
147        <activity
147-->src\main\AndroidManifest.xml:134:9-136:52
148            android:name="com.material.components.activity.gridlist.GridSingleLine"
148-->src\main\AndroidManifest.xml:135:13-61
149            android:screenOrientation="portrait" />
149-->src\main\AndroidManifest.xml:136:13-49
150        <activity
150-->src\main\AndroidManifest.xml:137:9-139:52
151            android:name="com.material.components.activity.gridlist.GridSectioned"
151-->src\main\AndroidManifest.xml:138:13-60
152            android:screenOrientation="portrait" />
152-->src\main\AndroidManifest.xml:139:13-49
153        <activity
153-->src\main\AndroidManifest.xml:140:9-142:52
154            android:name="com.material.components.activity.list.ListSectioned"
154-->src\main\AndroidManifest.xml:141:13-56
155            android:screenOrientation="portrait" />
155-->src\main\AndroidManifest.xml:142:13-49
156        <activity
156-->src\main\AndroidManifest.xml:143:9-145:52
157            android:name="com.material.components.activity.list.ListExpand"
157-->src\main\AndroidManifest.xml:144:13-53
158            android:screenOrientation="portrait" />
158-->src\main\AndroidManifest.xml:145:13-49
159        <activity
159-->src\main\AndroidManifest.xml:146:9-148:52
160            android:name="com.material.components.activity.list.ListDrag"
160-->src\main\AndroidManifest.xml:147:13-51
161            android:screenOrientation="portrait" />
161-->src\main\AndroidManifest.xml:148:13-49
162        <activity
162-->src\main\AndroidManifest.xml:149:9-151:52
163            android:name="com.material.components.activity.list.ListSwipe"
163-->src\main\AndroidManifest.xml:150:13-52
164            android:screenOrientation="portrait" />
164-->src\main\AndroidManifest.xml:151:13-49
165        <activity
165-->src\main\AndroidManifest.xml:152:9-154:52
166            android:name="com.material.components.activity.list.ListAnimation"
166-->src\main\AndroidManifest.xml:153:13-56
167            android:screenOrientation="portrait" />
167-->src\main\AndroidManifest.xml:154:13-49
168        <activity
168-->src\main\AndroidManifest.xml:155:9-157:52
169            android:name="com.material.components.activity.menu.MenuDrawerNews"
169-->src\main\AndroidManifest.xml:156:13-57
170            android:screenOrientation="portrait" />
170-->src\main\AndroidManifest.xml:157:13-49
171        <activity
171-->src\main\AndroidManifest.xml:158:9-160:52
172            android:name="com.material.components.activity.menu.MenuDrawerMail"
172-->src\main\AndroidManifest.xml:159:13-57
173            android:screenOrientation="portrait" />
173-->src\main\AndroidManifest.xml:160:13-49
174        <activity
174-->src\main\AndroidManifest.xml:161:9-163:52
175            android:name="com.material.components.activity.menu.MenuDrawerSimpleLight"
175-->src\main\AndroidManifest.xml:162:13-64
176            android:screenOrientation="portrait" />
176-->src\main\AndroidManifest.xml:163:13-49
177        <activity
177-->src\main\AndroidManifest.xml:164:9-166:52
178            android:name="com.material.components.activity.menu.MenuDrawerSimpleDark"
178-->src\main\AndroidManifest.xml:165:13-63
179            android:screenOrientation="portrait" />
179-->src\main\AndroidManifest.xml:166:13-49
180        <activity
180-->src\main\AndroidManifest.xml:167:9-169:52
181            android:name="com.material.components.activity.menu.MenuDrawerNoIcon"
181-->src\main\AndroidManifest.xml:168:13-59
182            android:screenOrientation="portrait" />
182-->src\main\AndroidManifest.xml:169:13-49
183        <activity
183-->src\main\AndroidManifest.xml:170:9-172:52
184            android:name="com.material.components.activity.picker.PickerDateLight"
184-->src\main\AndroidManifest.xml:171:13-60
185            android:screenOrientation="portrait" />
185-->src\main\AndroidManifest.xml:172:13-49
186        <activity
186-->src\main\AndroidManifest.xml:173:9-175:52
187            android:name="com.material.components.activity.picker.PickerDateDark"
187-->src\main\AndroidManifest.xml:174:13-59
188            android:screenOrientation="portrait" />
188-->src\main\AndroidManifest.xml:175:13-49
189        <activity
189-->src\main\AndroidManifest.xml:176:9-178:52
190            android:name="com.material.components.activity.picker.PickerTimeLight"
190-->src\main\AndroidManifest.xml:177:13-60
191            android:screenOrientation="portrait" />
191-->src\main\AndroidManifest.xml:178:13-49
192        <activity
192-->src\main\AndroidManifest.xml:179:9-181:52
193            android:name="com.material.components.activity.progressactivity.ProgressPullRefresh"
193-->src\main\AndroidManifest.xml:180:13-74
194            android:screenOrientation="portrait" />
194-->src\main\AndroidManifest.xml:181:13-49
195        <activity
195-->src\main\AndroidManifest.xml:182:9-184:52
196            android:name="com.material.components.activity.progressactivity.ProgressOnScroll"
196-->src\main\AndroidManifest.xml:183:13-71
197            android:screenOrientation="portrait" />
197-->src\main\AndroidManifest.xml:184:13-49
198        <activity
198-->src\main\AndroidManifest.xml:185:9-187:52
199            android:name="com.material.components.activity.progressactivity.ProgressLinearCenter"
199-->src\main\AndroidManifest.xml:186:13-75
200            android:screenOrientation="portrait" />
200-->src\main\AndroidManifest.xml:187:13-49
201        <activity
201-->src\main\AndroidManifest.xml:188:9-190:52
202            android:name="com.material.components.activity.slider.SliderColorPicker"
202-->src\main\AndroidManifest.xml:189:13-62
203            android:screenOrientation="portrait" />
203-->src\main\AndroidManifest.xml:190:13-49
204        <activity
204-->src\main\AndroidManifest.xml:191:9-193:52
205            android:name="com.material.components.activity.snackbartoast.SnackbarAndFab"
205-->src\main\AndroidManifest.xml:192:13-66
206            android:screenOrientation="portrait" />
206-->src\main\AndroidManifest.xml:193:13-49
207        <activity
207-->src\main\AndroidManifest.xml:194:9-196:52
208            android:name="com.material.components.activity.stepper.StepperVertical"
208-->src\main\AndroidManifest.xml:195:13-61
209            android:screenOrientation="portrait" />
209-->src\main\AndroidManifest.xml:196:13-49
210        <activity
210-->src\main\AndroidManifest.xml:197:9-199:52
211            android:name="com.material.components.activity.stepper.StepperProgress"
211-->src\main\AndroidManifest.xml:198:13-61
212            android:screenOrientation="portrait" />
212-->src\main\AndroidManifest.xml:199:13-49
213        <activity
213-->src\main\AndroidManifest.xml:200:9-202:52
214            android:name="com.material.components.activity.stepper.StepperWizardLight"
214-->src\main\AndroidManifest.xml:201:13-64
215            android:screenOrientation="portrait" />
215-->src\main\AndroidManifest.xml:202:13-49
216        <activity
216-->src\main\AndroidManifest.xml:203:9-205:52
217            android:name="com.material.components.activity.tabs.TabsIcon"
217-->src\main\AndroidManifest.xml:204:13-51
218            android:screenOrientation="portrait" />
218-->src\main\AndroidManifest.xml:205:13-49
219        <activity
219-->src\main\AndroidManifest.xml:206:9-208:52
220            android:name="com.material.components.activity.tabs.TabsTextIcon"
220-->src\main\AndroidManifest.xml:207:13-55
221            android:screenOrientation="portrait" />
221-->src\main\AndroidManifest.xml:208:13-49
222        <activity
222-->src\main\AndroidManifest.xml:209:9-211:52
223            android:name="com.material.components.activity.tabs.TabsLight"
223-->src\main\AndroidManifest.xml:210:13-52
224            android:screenOrientation="portrait" />
224-->src\main\AndroidManifest.xml:211:13-49
225        <activity
225-->src\main\AndroidManifest.xml:212:9-214:52
226            android:name="com.material.components.activity.tabs.TabsStore"
226-->src\main\AndroidManifest.xml:213:13-52
227            android:screenOrientation="portrait" />
227-->src\main\AndroidManifest.xml:214:13-49
228        <activity
228-->src\main\AndroidManifest.xml:215:9-217:52
229            android:name="com.material.components.activity.toolbar.ToolbarCollapse"
229-->src\main\AndroidManifest.xml:216:13-61
230            android:screenOrientation="portrait" />
230-->src\main\AndroidManifest.xml:217:13-49
231        <activity
231-->src\main\AndroidManifest.xml:218:9-220:52
232            android:name="com.material.components.activity.toolbar.ToolbarCollapsePin"
232-->src\main\AndroidManifest.xml:219:13-64
233            android:screenOrientation="portrait" />
233-->src\main\AndroidManifest.xml:220:13-49
234        <activity
234-->src\main\AndroidManifest.xml:221:9-223:52
235            android:name="com.material.components.activity.form.FormProfileData"
235-->src\main\AndroidManifest.xml:222:13-58
236            android:screenOrientation="portrait" />
236-->src\main\AndroidManifest.xml:223:13-49
237        <activity
237-->src\main\AndroidManifest.xml:224:9-226:52
238            android:name="com.material.components.activity.form.FormWithIcon"
238-->src\main\AndroidManifest.xml:225:13-55
239            android:screenOrientation="portrait" />
239-->src\main\AndroidManifest.xml:226:13-49
240        <activity
240-->src\main\AndroidManifest.xml:227:9-229:52
241            android:name="com.material.components.activity.tabs.TabsIconLight"
241-->src\main\AndroidManifest.xml:228:13-56
242            android:screenOrientation="portrait" />
242-->src\main\AndroidManifest.xml:229:13-49
243        <activity
243-->src\main\AndroidManifest.xml:230:9-232:52
244            android:name="com.material.components.activity.tabs.TabsIconStack"
244-->src\main\AndroidManifest.xml:231:13-56
245            android:screenOrientation="portrait" />
245-->src\main\AndroidManifest.xml:232:13-49
246        <activity
246-->src\main\AndroidManifest.xml:233:9-235:52
247            android:name="com.material.components.activity.stepper.StepperDots"
247-->src\main\AndroidManifest.xml:234:13-57
248            android:screenOrientation="portrait" />
248-->src\main\AndroidManifest.xml:235:13-49
249        <activity
249-->src\main\AndroidManifest.xml:236:9-238:52
250            android:name="com.material.components.activity.stepper.StepperWizardColor"
250-->src\main\AndroidManifest.xml:237:13-64
251            android:screenOrientation="portrait" />
251-->src\main\AndroidManifest.xml:238:13-49
252        <activity
252-->src\main\AndroidManifest.xml:239:9-241:52
253            android:name="com.material.components.activity.progressactivity.ProgressCircleCenter"
253-->src\main\AndroidManifest.xml:240:13-75
254            android:screenOrientation="portrait" />
254-->src\main\AndroidManifest.xml:241:13-49
255        <activity
255-->src\main\AndroidManifest.xml:242:9-244:52
256            android:name="com.material.components.activity.progressactivity.ProgressLinearTop"
256-->src\main\AndroidManifest.xml:243:13-72
257            android:screenOrientation="portrait" />
257-->src\main\AndroidManifest.xml:244:13-49
258        <activity
258-->src\main\AndroidManifest.xml:245:9-247:52
259            android:name="com.material.components.activity.picker.PickerColor"
259-->src\main\AndroidManifest.xml:246:13-56
260            android:screenOrientation="portrait" />
260-->src\main\AndroidManifest.xml:247:13-49
261        <activity
261-->src\main\AndroidManifest.xml:248:9-250:52
262            android:name="com.material.components.activity.picker.PickerLocation"
262-->src\main\AndroidManifest.xml:249:13-59
263            android:screenOrientation="portrait" />
263-->src\main\AndroidManifest.xml:250:13-49
264        <activity
264-->src\main\AndroidManifest.xml:251:9-253:52
265            android:name="com.material.components.activity.menu.MenuOverflowToolbar"
265-->src\main\AndroidManifest.xml:252:13-62
266            android:screenOrientation="portrait" />
266-->src\main\AndroidManifest.xml:253:13-49
267        <activity
267-->src\main\AndroidManifest.xml:254:9-256:52
268            android:name="com.material.components.activity.menu.MenuOverflowList"
268-->src\main\AndroidManifest.xml:255:13-59
269            android:screenOrientation="portrait" />
269-->src\main\AndroidManifest.xml:256:13-49
270        <activity
270-->src\main\AndroidManifest.xml:257:9-259:52
271            android:name="com.material.components.activity.list.ListMultiSelection"
271-->src\main\AndroidManifest.xml:258:13-61
272            android:screenOrientation="portrait" />
272-->src\main\AndroidManifest.xml:259:13-49
273        <activity
273-->src\main\AndroidManifest.xml:260:9-262:52
274            android:name="com.material.components.activity.gridlist.GridTwoLine"
274-->src\main\AndroidManifest.xml:261:13-58
275            android:screenOrientation="portrait" />
275-->src\main\AndroidManifest.xml:262:13-49
276        <activity
276-->src\main\AndroidManifest.xml:263:9-265:52
277            android:name="com.material.components.activity.gridlist.GridAlbums"
277-->src\main\AndroidManifest.xml:264:13-57
278            android:screenOrientation="portrait" />
278-->src\main\AndroidManifest.xml:265:13-49
279        <activity
279-->src\main\AndroidManifest.xml:266:9-268:52
280            android:name="com.material.components.activity.dialog.DialogCustomInfo"
280-->src\main\AndroidManifest.xml:267:13-61
281            android:screenOrientation="portrait" />
281-->src\main\AndroidManifest.xml:268:13-49
282        <activity
282-->src\main\AndroidManifest.xml:269:9-271:52
283            android:name="com.material.components.activity.dialog.DialogCustomWarning"
283-->src\main\AndroidManifest.xml:270:13-64
284            android:screenOrientation="portrait" />
284-->src\main\AndroidManifest.xml:271:13-49
285        <activity
285-->src\main\AndroidManifest.xml:272:9-274:52
286            android:name="com.material.components.activity.dialog.DialogCustomLight"
286-->src\main\AndroidManifest.xml:273:13-62
287            android:screenOrientation="portrait" />
287-->src\main\AndroidManifest.xml:274:13-49
288        <activity
288-->src\main\AndroidManifest.xml:275:9-277:52
289            android:name="com.material.components.activity.dialog.DialogAddPost"
289-->src\main\AndroidManifest.xml:276:13-58
290            android:screenOrientation="portrait" />
290-->src\main\AndroidManifest.xml:277:13-49
291        <activity
291-->src\main\AndroidManifest.xml:278:9-280:52
292            android:name="com.material.components.activity.dialog.DialogCustomDark"
292-->src\main\AndroidManifest.xml:279:13-61
293            android:screenOrientation="portrait" />
293-->src\main\AndroidManifest.xml:280:13-49
294        <activity
294-->src\main\AndroidManifest.xml:281:9-283:52
295            android:name="com.material.components.activity.dialog.DialogAddReview"
295-->src\main\AndroidManifest.xml:282:13-60
296            android:screenOrientation="portrait" />
296-->src\main\AndroidManifest.xml:283:13-49
297        <activity
297-->src\main\AndroidManifest.xml:284:9-286:52
298            android:name="com.material.components.activity.chip.ChipTag"
298-->src\main\AndroidManifest.xml:285:13-50
299            android:screenOrientation="portrait" />
299-->src\main\AndroidManifest.xml:286:13-49
300        <activity
300-->src\main\AndroidManifest.xml:287:9-289:52
301            android:name="com.material.components.activity.card.CardOverlap"
301-->src\main\AndroidManifest.xml:288:13-54
302            android:screenOrientation="portrait" />
302-->src\main\AndroidManifest.xml:289:13-49
303        <activity
303-->src\main\AndroidManifest.xml:290:9-292:52
304            android:name="com.material.components.activity.card.CardWizard"
304-->src\main\AndroidManifest.xml:291:13-53
305            android:screenOrientation="portrait" />